[INFO] Scanning for projects...
[INFO] 
[INFO] ---------------------< com.mycompany.app:todo-cli >---------------------
[INFO] Building todo-cli 1.0-SNAPSHOT
[INFO] --------------------------------[ jar ]---------------------------------
[INFO] 
[INFO] --- maven-clean-plugin:2.5:clean (default-clean) @ todo-cli ---
[INFO] Deleting /home/juan-sierra/Source/java-picoli/todo-cli/target
[INFO] 
[INFO] --- maven-dependency-plugin:2.8:copy-dependencies (default-cli) @ todo-cli ---
[INFO] Copying junit-4.11.jar to /home/juan-sierra/Source/java-picoli/todo-cli/target/dependency/junit-4.11.jar
[INFO] Copying lombok-1.18.24.jar to /home/juan-sierra/Source/java-picoli/todo-cli/target/dependency/lombok-1.18.24.jar
[INFO] Copying hamcrest-core-1.3.jar to /home/juan-sierra/Source/java-picoli/todo-cli/target/dependency/hamcrest-core-1.3.jar
[INFO] Copying sqlite-jdbc-3.39.2.0.jar to /home/juan-sierra/Source/java-picoli/todo-cli/target/dependency/sqlite-jdbc-3.39.2.0.jar
[INFO] Copying picocli-4.6.3.jar to /home/juan-sierra/Source/java-picoli/todo-cli/target/dependency/picocli-4.6.3.jar
[INFO] 
[INFO] --- maven-resources-plugin:2.6:resources (default-resources) @ todo-cli ---
[INFO] Using 'UTF-8' encoding to copy filtered resources.
[INFO] skip non existing resourceDirectory /home/juan-sierra/Source/java-picoli/todo-cli/src/main/resources
[INFO] 
[INFO] --- maven-compiler-plugin:3.8.1:compile (default-compile) @ todo-cli ---
[INFO] Changes detected - recompiling the module!
[INFO] Compiling 12 source files to /home/juan-sierra/Source/java-picoli/todo-cli/target/classes
[INFO] 
[INFO] --- maven-resources-plugin:2.6:testResources (default-testResources) @ todo-cli ---
[INFO] Using 'UTF-8' encoding to copy filtered resources.
[INFO] skip non existing resourceDirectory /home/juan-sierra/Source/java-picoli/todo-cli/src/test/resources
[INFO] 
[INFO] --- maven-compiler-plugin:3.8.1:testCompile (default-testCompile) @ todo-cli ---
[INFO] Changes detected - recompiling the module!
[INFO] Compiling 1 source file to /home/juan-sierra/Source/java-picoli/todo-cli/target/test-classes
[INFO] 
[INFO] --- maven-surefire-plugin:2.12.4:test (default-test) @ todo-cli ---
[INFO] Surefire report directory: /home/juan-sierra/Source/java-picoli/todo-cli/target/surefire-reports

-------------------------------------------------------
 T E S T S
-------------------------------------------------------
Running com.mycompany.app.AppTest
Tests run: 1, Failures: 0, Errors: 0, Skipped: 0, Time elapsed: 0.049 sec

Results :

Tests run: 1, Failures: 0, Errors: 0, Skipped: 0

[INFO] 
[INFO] --- maven-jar-plugin:2.4:jar (default-jar) @ todo-cli ---
[INFO] Building jar: /home/juan-sierra/Source/java-picoli/todo-cli/target/todo-cli-1.0-SNAPSHOT.jar
[INFO] 
[INFO] --- maven-shade-plugin:3.3.0:shade (default) @ todo-cli ---
[INFO] Including info.picocli:picocli:jar:4.6.3 in the shaded jar.
[INFO] Including org.xerial:sqlite-jdbc:jar:3.39.2.0 in the shaded jar.
[INFO] Dependency-reduced POM written at: /home/juan-sierra/Source/java-picoli/todo-cli/dependency-reduced-pom.xml
[WARNING] picocli-4.6.3.jar, sqlite-jdbc-3.39.2.0.jar, todo-cli-1.0-SNAPSHOT.jar define 1 overlapping resource: 
[WARNING]   - META-INF/MANIFEST.MF
[WARNING] maven-shade-plugin has detected that some class files are
[WARNING] present in two or more JARs. When this happens, only one
[WARNING] single version of the class is copied to the uber jar.
[WARNING] Usually this is not harmful and you can skip these warnings,
[WARNING] otherwise try to manually exclude artifacts based on
[WARNING] mvn dependency:tree -Ddetail=true and the above output.
[WARNING] See https://maven.apache.org/plugins/maven-shade-plugin/
[INFO] Replacing original artifact with shaded artifact.
[INFO] Replacing /home/juan-sierra/Source/java-picoli/todo-cli/target/todo-cli-1.0-SNAPSHOT.jar with /home/juan-sierra/Source/java-picoli/todo-cli/target/todo-cli-1.0-SNAPSHOT-shaded.jar
[INFO] ------------------------------------------------------------------------
[INFO] BUILD SUCCESS
[INFO] ------------------------------------------------------------------------
[INFO] Total time:  6.610 s
[INFO] Finished at: 2022-08-24T23:14:54-05:00
[INFO] ------------------------------------------------------------------------
